Mon Jul 20 16:12:19 CST 2020  [debug] AvalonLogSystem initialized using logfile 'velocity.log'
Mon Jul 20 16:12:19 CST 2020   [info] ************************************************************** 
Mon Jul 20 16:12:19 CST 2020   [info] Starting Jakarta Velocity v1.4
Mon Jul 20 16:12:19 CST 2020   [info] RuntimeInstance initializing.
Mon Jul 20 16:12:19 CST 2020   [info] Default Properties File: org\apache\velocity\runtime\defaults\velocity.properties
Mon Jul 20 16:12:19 CST 2020   [info] Trying to use logger class org.apache.velocity.runtime.log.AvalonLogSystem
Mon Jul 20 16:12:19 CST 2020   [info] Using logger class org.apache.velocity.runtime.log.AvalonLogSystem
Mon Jul 20 16:12:19 CST 2020   [info] Default ResourceManager initializing. (class org.apache.velocity.runtime.resource.ResourceManagerImpl)
Mon Jul 20 16:12:19 CST 2020   [info] Resource Loader Instantiated: org.apache.velocity.runtime.resource.loader.ClasspathResourceLoader
Mon Jul 20 16:12:19 CST 2020   [info] ClasspathResourceLoader : initialization starting.
Mon Jul 20 16:12:19 CST 2020   [info] ClasspathResourceLoader : initialization complete.
Mon Jul 20 16:12:19 CST 2020   [info] ResourceCache : initialized. (class org.apache.velocity.runtime.resource.ResourceCacheImpl)
Mon Jul 20 16:12:19 CST 2020   [info] Default ResourceManager initialization complete.
Mon Jul 20 16:12:19 CST 2020   [info] Loaded System Directive: org.apache.velocity.runtime.directive.Literal
Mon Jul 20 16:12:19 CST 2020   [info] Loaded System Directive: org.apache.velocity.runtime.directive.Macro
Mon Jul 20 16:12:19 CST 2020   [info] Loaded System Directive: org.apache.velocity.runtime.directive.Parse
Mon Jul 20 16:12:19 CST 2020   [info] Loaded System Directive: org.apache.velocity.runtime.directive.Include
Mon Jul 20 16:12:19 CST 2020   [info] Loaded System Directive: org.apache.velocity.runtime.directive.Foreach
Mon Jul 20 16:12:19 CST 2020   [info] Created: 20 parsers.
Mon Jul 20 16:12:19 CST 2020   [info] Velocimacro : initialization starting.
Mon Jul 20 16:12:19 CST 2020   [info] Velocimacro : adding VMs from VM library template : VM_global_library.vm
Mon Jul 20 16:12:19 CST 2020  [error] ResourceManager : unable to find resource 'VM_global_library.vm' in any resource loader.
Mon Jul 20 16:12:19 CST 2020   [info] Velocimacro : error using  VM library template VM_global_library.vm : org.apache.velocity.exception.ResourceNotFoundException: Unable to find resource 'VM_global_library.vm'
Mon Jul 20 16:12:19 CST 2020   [info] Velocimacro :  VM library template macro registration complete.
Mon Jul 20 16:12:19 CST 2020   [info] Velocimacro : allowInline = true : VMs can be defined inline in templates
Mon Jul 20 16:12:19 CST 2020   [info] Velocimacro : allowInlineToOverride = false : VMs defined inline may NOT replace previous VM definitions
Mon Jul 20 16:12:19 CST 2020   [info] Velocimacro : allowInlineLocal = false : VMs defined inline will be  global in scope if allowed.
Mon Jul 20 16:12:19 CST 2020   [info] Velocimacro : messages on  : VM system will output logging messages
Mon Jul 20 16:12:19 CST 2020   [info] Velocimacro : autoload off  : VM system will not automatically reload global library macros
Mon Jul 20 16:12:19 CST 2020   [info] Velocimacro : initialization complete.
Mon Jul 20 16:12:19 CST 2020   [info] Velocity successfully started.
Mon Jul 20 16:12:30 CST 2020   [info] ResourceManager : found org/uncommons/reportng/templates/html/index.html.vm with loader org.apache.velocity.runtime.resource.loader.ClasspathResourceLoader
Mon Jul 20 16:12:30 CST 2020   [info] ResourceManager : found org/uncommons/reportng/templates/html/overview.html.vm with loader org.apache.velocity.runtime.resource.loader.ClasspathResourceLoader
Mon Jul 20 16:12:30 CST 2020   [info] ResourceManager : found org/uncommons/reportng/templates/html/suites.html.vm with loader org.apache.velocity.runtime.resource.loader.ClasspathResourceLoader
Mon Jul 20 16:12:30 CST 2020   [info] ResourceManager : found org/uncommons/reportng/templates/html/results.html.vm with loader org.apache.velocity.runtime.resource.loader.ClasspathResourceLoader
Mon Jul 20 16:12:30 CST 2020   [info] ResourceManager : found org/uncommons/reportng/templates/html/class-results.html.vm with loader org.apache.velocity.runtime.resource.loader.ClasspathResourceLoader
Mon Jul 20 16:12:30 CST 2020   [info] ResourceManager : found org/uncommons/reportng/templates/html/chronology.html.vm with loader org.apache.velocity.runtime.resource.loader.ClasspathResourceLoader
Mon Jul 20 16:12:30 CST 2020  [error] Method getEndTime threw exception for reference $utils in template org/uncommons/reportng/templates/html/chronology.html.vm at  [31,64]
Mon Jul 20 16:12:30 CST 2020  [error] Method getEndTime threw exception for reference $utils in template org/uncommons/reportng/templates/html/chronology.html.vm at  [31,28]
Mon Jul 20 16:12:30 CST 2020   [info] ResourceManager : found org/uncommons/reportng/templates/xml/results.xml.vm with loader org.apache.velocity.runtime.resource.loader.ClasspathResourceLoader
