2020-08-19 09:49:08.595 [main] INFO [com.common.MySqlDbOperator#setConnection:38] 数据库登录成功
2020-08-19 09:49:10.042 [main] INFO [com.common.MySqlDbOperator#setControldata:88] 执行成功：UPDATE  per_user_details set points = '10000' where user_id = (select user_id from user where mobile = '17805121968');
2020-08-19 09:49:10.104 [main] INFO [com.common.MySqlDbOperator#setControldata:88] 执行成功：delete from data where user_id = (select user_id from user where mobile = '17805121968');
2020-08-19 09:49:10.161 [main] INFO [com.common.MySqlDbOperator#setControldata:88] 执行成功：delete from data_sub where user_id = (select user_id from user where mobile = '17805121968');
2020-08-19 09:49:10.205 [main] INFO [com.common.MySqlDbOperator#setControldata:88] 执行成功：delete from  news where user_id = (select user_id from user where mobile = '17805121968');
2020-08-19 09:49:10.253 [main] INFO [com.common.MySqlDbOperator#setControldata:88] 执行成功：delete from notify_push where user_id = (select user_id from user where mobile = '17805121968');
2020-08-19 09:49:10.309 [main] INFO [com.common.MySqlDbOperator#setControldata:88] 执行成功：delete from obtain_address where wid = (select user_id from user where mobile = '17805121968');
2020-08-19 09:49:10.363 [main] INFO [com.common.MySqlDbOperator#setControldata:88] 执行成功：delete from `order` where user_id = (select user_id from user where mobile = '17805121968');
2020-08-19 09:49:10.410 [main] INFO [com.common.MySqlDbOperator#setControldata:88] 执行成功：delete from data where user_id = (select user_id from user where mobile = '17805121968');
2020-08-19 09:49:10.441 [main] INFO [com.common.MySqlDbOperator#setControldata:88] 执行成功：delete from pro_order where user_id = (select user_id from user where mobile = '17805121968');
2020-08-19 09:49:10.488 [main] INFO [com.common.MySqlDbOperator#setControldata:88] 执行成功：delete from process_evidence where user_id = (select user_id from user where mobile = '17805121968');
2020-08-19 09:49:10.543 [main] INFO [com.common.MySqlDbOperator#setControldata:88] 执行成功：delete from user_detail where user_id = (select user_id from user where mobile = '17805121968');
2020-08-19 09:49:10.581 [main] INFO [com.common.MySqlDbOperator#setControldata:88] 执行成功：delete from user_give where user_id = (select user_id from user where mobile = '17805121968');
2020-08-19 09:49:10.619 [main] INFO [com.common.MySqlDbOperator#setControldata:88] 执行成功：delete from web_forensics where user_id = (select user_id from user where mobile = '17805121968');
2020-08-19 09:49:10.622 [main] INFO [com.common.MySqlDbOperator#dbClose:44] 关闭数据库连接
2020-08-19 09:49:26.396 [main] INFO [org.testng.annotations.Test#loginTest1:23] 登录验证码：UKZp
2020-08-19 09:49:28.720 [main] INFO [org.testng.annotations.Test#loginTest1:33] 获取的user_number:数据存证
2020-08-19 09:49:28.731 [main] INFO [org.testng.annotations.Test#loginTest1:44] 数据存证用户登录成功
2020-08-19 09:49:28.732 [main] INFO [org.testng.annotations.Test#loginTest1:45] 登录测试用例通过
2020-08-19 09:49:35.984 [main] INFO [com.testng.testcase.testOneWebEvidence#test1addWebEvidenceData:64] 网页取证：正在截图中...
2020-08-19 09:49:36.985 [main] INFO [com.testng.testcase.testOneWebEvidence#test1addWebEvidenceData:64] 网页取证：正在截图中...
2020-08-19 09:49:37.987 [main] INFO [com.testng.testcase.testOneWebEvidence#test1addWebEvidenceData:64] 网页取证：正在截图中...
2020-08-19 09:49:38.989 [main] INFO [com.testng.testcase.testOneWebEvidence#test1addWebEvidenceData:64] 网页取证：正在截图中...
2020-08-19 09:49:39.990 [main] INFO [com.testng.testcase.testOneWebEvidence#test1addWebEvidenceData:64] 网页取证：正在截图中...
2020-08-19 09:49:40.991 [main] INFO [com.testng.testcase.testOneWebEvidence#test1addWebEvidenceData:64] 网页取证：正在截图中...
2020-08-19 09:49:41.991 [main] INFO [com.testng.testcase.testOneWebEvidence#test1addWebEvidenceData:64] 网页取证：正在截图中...
2020-08-19 09:49:42.991 [main] INFO [com.testng.testcase.testOneWebEvidence#test1addWebEvidenceData:64] 网页取证：正在截图中...
2020-08-19 09:49:43.991 [main] INFO [com.testng.testcase.testOneWebEvidence#test1addWebEvidenceData:64] 网页取证：正在截图中...
2020-08-19 09:49:44.992 [main] INFO [com.testng.testcase.testOneWebEvidence#test1addWebEvidenceData:64] 网页取证：正在截图中...
2020-08-19 09:49:45.029 [main] INFO [com.common.MySqlDbOperator#setConnection:38] 数据库登录成功
2020-08-19 09:49:45.032 [main] INFO [com.common.MySqlDbOperator#getSelectOnerDtas:73] 查询结果：WAIT
2020-08-19 09:49:45.032 [main] INFO [com.common.MySqlDbOperator#dbClose:44] 关闭数据库连接
2020-08-19 09:49:48.064 [main] INFO [com.common.MySqlDbOperator#setConnection:38] 数据库登录成功
2020-08-19 09:49:48.067 [main] INFO [com.common.MySqlDbOperator#getSelectOnerDtas:73] 查询结果：SUCCESS
2020-08-19 09:49:48.067 [main] INFO [com.common.MySqlDbOperator#dbClose:44] 关闭数据库连接
2020-08-19 09:49:48.068 [main] INFO [com.testng.testcase.testOneWebEvidence#test1addWebEvidenceData:72] 网页截图成功
2020-08-19 09:49:51.716 [main] INFO [com.testng.testcase.testOneWebEvidence#test1addWebEvidenceData:88] 断言成功
2020-08-19 09:49:51.716 [main] INFO [com.testng.testcase.testOneWebEvidence#test1addWebEvidenceData:89] 余额：可用积分：10,000.00
2020-08-19 09:49:51.716 [main] INFO [com.testng.testcase.testOneWebEvidence#test1addWebEvidenceData:90] 取证列表当前条数为：共 1 条
2020-08-19 09:50:08.921 [main] INFO [com.testng.testcase.testOneWebEvidence#test2addWebEvidenceDatas:118] 网页取证：正在截图中...
2020-08-19 09:50:09.923 [main] INFO [com.testng.testcase.testOneWebEvidence#test2addWebEvidenceDatas:118] 网页取证：正在截图中...
2020-08-19 09:50:10.925 [main] INFO [com.testng.testcase.testOneWebEvidence#test2addWebEvidenceDatas:118] 网页取证：正在截图中...
2020-08-19 09:50:11.925 [main] INFO [com.testng.testcase.testOneWebEvidence#test2addWebEvidenceDatas:118] 网页取证：正在截图中...
2020-08-19 09:50:12.926 [main] INFO [com.testng.testcase.testOneWebEvidence#test2addWebEvidenceDatas:118] 网页取证：正在截图中...
2020-08-19 09:50:13.927 [main] INFO [com.testng.testcase.testOneWebEvidence#test2addWebEvidenceDatas:118] 网页取证：正在截图中...
2020-08-19 09:50:14.927 [main] INFO [com.testng.testcase.testOneWebEvidence#test2addWebEvidenceDatas:118] 网页取证：正在截图中...
2020-08-19 09:50:15.928 [main] INFO [com.testng.testcase.testOneWebEvidence#test2addWebEvidenceDatas:118] 网页取证：正在截图中...
2020-08-19 09:50:16.929 [main] INFO [com.testng.testcase.testOneWebEvidence#test2addWebEvidenceDatas:118] 网页取证：正在截图中...
2020-08-19 09:50:17.930 [main] INFO [com.testng.testcase.testOneWebEvidence#test2addWebEvidenceDatas:118] 网页取证：正在截图中...
2020-08-19 09:50:18.931 [main] INFO [com.testng.testcase.testOneWebEvidence#test2addWebEvidenceDatas:118] 网页取证：正在截图中...
2020-08-19 09:50:19.931 [main] INFO [com.testng.testcase.testOneWebEvidence#test2addWebEvidenceDatas:118] 网页取证：正在截图中...
2020-08-19 09:50:20.932 [main] INFO [com.testng.testcase.testOneWebEvidence#test2addWebEvidenceDatas:118] 网页取证：正在截图中...
2020-08-19 09:50:21.932 [main] INFO [com.testng.testcase.testOneWebEvidence#test2addWebEvidenceDatas:118] 网页取证：正在截图中...
2020-08-19 09:50:22.932 [main] INFO [com.testng.testcase.testOneWebEvidence#test2addWebEvidenceDatas:118] 网页取证：正在截图中...
2020-08-19 09:50:23.933 [main] INFO [com.testng.testcase.testOneWebEvidence#test2addWebEvidenceDatas:118] 网页取证：正在截图中...
2020-08-19 09:50:24.933 [main] INFO [com.testng.testcase.testOneWebEvidence#test2addWebEvidenceDatas:118] 网页取证：正在截图中...
2020-08-19 09:50:25.934 [main] INFO [com.testng.testcase.testOneWebEvidence#test2addWebEvidenceDatas:118] 网页取证：正在截图中...
2020-08-19 09:50:26.934 [main] INFO [com.testng.testcase.testOneWebEvidence#test2addWebEvidenceDatas:118] 网页取证：正在截图中...
2020-08-19 09:50:27.935 [main] INFO [com.testng.testcase.testOneWebEvidence#test2addWebEvidenceDatas:118] 网页取证：正在截图中...
2020-08-19 09:50:27.935 [main] INFO [com.testng.testcase.testOneWebEvidence#test2addWebEvidenceDatas:121] 数据库截图状态校验中...
2020-08-19 09:50:27.963 [main] INFO [com.common.MySqlDbOperator#setConnection:38] 数据库登录成功
2020-08-19 09:50:27.965 [main] INFO [com.common.MySqlDbOperator#getSelectOnerDtas:73] 查询结果：SUCCESS
2020-08-19 09:50:27.965 [main] INFO [com.common.MySqlDbOperator#getSelectOnerDtas:73] 查询结果：SUCCESS
2020-08-19 09:50:27.965 [main] INFO [com.common.MySqlDbOperator#dbClose:44] 关闭数据库连接
2020-08-19 09:50:27.966 [main] INFO [com.testng.testcase.testOneWebEvidence#test2addWebEvidenceDatas:128] 网页截图成功
2020-08-19 09:50:47.816 [main] INFO [com.testng.testcase.testOneWebEvidence#test2addWebEvidenceDatas:145] 断言成功
2020-08-19 09:50:47.816 [main] INFO [com.testng.testcase.testOneWebEvidence#test2addWebEvidenceDatas:146] 余额：可用积分：9,995.00
2020-08-19 09:50:47.816 [main] INFO [com.testng.testcase.testOneWebEvidence#test2addWebEvidenceDatas:147] 取证列表当前条数为：共 3 条
2020-08-19 09:50:59.766 [main] INFO [com.testng.testcase.testOneWebEvidence#test3TimeSearchWebData:172] 断言成功
2020-08-19 09:50:59.766 [main] INFO [com.testng.testcase.testOneWebEvidence#test3TimeSearchWebData:173] 列表取证记录为：暂无数据
2020-08-19 09:53:58.737 [main] INFO [com.common.MySqlDbOperator#setConnection:38] 数据库登录成功
2020-08-19 09:53:59.741 [main] INFO [com.common.MySqlDbOperator#setControldata:88] 执行成功：UPDATE  per_user_details set points = '10000' where user_id = (select user_id from user where mobile = '17805121968');
2020-08-19 09:53:59.796 [main] INFO [com.common.MySqlDbOperator#setControldata:88] 执行成功：delete from data where user_id = (select user_id from user where mobile = '17805121968');
2020-08-19 09:53:59.861 [main] INFO [com.common.MySqlDbOperator#setControldata:88] 执行成功：delete from data_sub where user_id = (select user_id from user where mobile = '17805121968');
2020-08-19 09:53:59.906 [main] INFO [com.common.MySqlDbOperator#setControldata:88] 执行成功：delete from  news where user_id = (select user_id from user where mobile = '17805121968');
2020-08-19 09:53:59.957 [main] INFO [com.common.MySqlDbOperator#setControldata:88] 执行成功：delete from notify_push where user_id = (select user_id from user where mobile = '17805121968');
2020-08-19 09:54:00.001 [main] INFO [com.common.MySqlDbOperator#setControldata:88] 执行成功：delete from obtain_address where wid = (select user_id from user where mobile = '17805121968');
2020-08-19 09:54:00.061 [main] INFO [com.common.MySqlDbOperator#setControldata:88] 执行成功：delete from `order` where user_id = (select user_id from user where mobile = '17805121968');
2020-08-19 09:54:00.119 [main] INFO [com.common.MySqlDbOperator#setControldata:88] 执行成功：delete from data where user_id = (select user_id from user where mobile = '17805121968');
2020-08-19 09:54:00.157 [main] INFO [com.common.MySqlDbOperator#setControldata:88] 执行成功：delete from pro_order where user_id = (select user_id from user where mobile = '17805121968');
2020-08-19 09:54:00.210 [main] INFO [com.common.MySqlDbOperator#setControldata:88] 执行成功：delete from process_evidence where user_id = (select user_id from user where mobile = '17805121968');
2020-08-19 09:54:00.267 [main] INFO [com.common.MySqlDbOperator#setControldata:88] 执行成功：delete from user_detail where user_id = (select user_id from user where mobile = '17805121968');
2020-08-19 09:54:00.310 [main] INFO [com.common.MySqlDbOperator#setControldata:88] 执行成功：delete from user_give where user_id = (select user_id from user where mobile = '17805121968');
2020-08-19 09:54:00.348 [main] INFO [com.common.MySqlDbOperator#setControldata:88] 执行成功：delete from web_forensics where user_id = (select user_id from user where mobile = '17805121968');
2020-08-19 09:54:00.353 [main] INFO [com.common.MySqlDbOperator#dbClose:44] 关闭数据库连接
2020-08-19 09:54:14.793 [main] INFO [org.testng.annotations.Test#loginTest1:23] 登录验证码：Ysaf
2020-08-19 09:54:17.095 [main] INFO [org.testng.annotations.Test#loginTest1:33] 获取的user_number:数据存证
2020-08-19 09:54:17.100 [main] INFO [org.testng.annotations.Test#loginTest1:44] 数据存证用户登录成功
2020-08-19 09:54:17.102 [main] INFO [org.testng.annotations.Test#loginTest1:45] 登录测试用例通过
2020-08-19 09:54:21.522 [main] INFO [com.testng.testcase.testOneWebEvidence#test1addWebEvidenceData:64] 网页取证：正在截图中...
2020-08-19 09:54:22.522 [main] INFO [com.testng.testcase.testOneWebEvidence#test1addWebEvidenceData:64] 网页取证：正在截图中...
2020-08-19 09:54:23.522 [main] INFO [com.testng.testcase.testOneWebEvidence#test1addWebEvidenceData:64] 网页取证：正在截图中...
2020-08-19 09:54:24.523 [main] INFO [com.testng.testcase.testOneWebEvidence#test1addWebEvidenceData:64] 网页取证：正在截图中...
2020-08-19 09:54:25.524 [main] INFO [com.testng.testcase.testOneWebEvidence#test1addWebEvidenceData:64] 网页取证：正在截图中...
2020-08-19 09:54:26.524 [main] INFO [com.testng.testcase.testOneWebEvidence#test1addWebEvidenceData:64] 网页取证：正在截图中...
2020-08-19 09:54:27.525 [main] INFO [com.testng.testcase.testOneWebEvidence#test1addWebEvidenceData:64] 网页取证：正在截图中...
2020-08-19 09:54:28.525 [main] INFO [com.testng.testcase.testOneWebEvidence#test1addWebEvidenceData:64] 网页取证：正在截图中...
2020-08-19 09:54:29.525 [main] INFO [com.testng.testcase.testOneWebEvidence#test1addWebEvidenceData:64] 网页取证：正在截图中...
2020-08-19 09:54:30.525 [main] INFO [com.testng.testcase.testOneWebEvidence#test1addWebEvidenceData:64] 网页取证：正在截图中...
2020-08-19 09:54:30.560 [main] INFO [com.common.MySqlDbOperator#setConnection:38] 数据库登录成功
2020-08-19 09:54:30.562 [main] INFO [com.common.MySqlDbOperator#getSelectOnerDtas:73] 查询结果：SUCCESS
2020-08-19 09:54:30.563 [main] INFO [com.common.MySqlDbOperator#dbClose:44] 关闭数据库连接
2020-08-19 09:54:30.564 [main] INFO [com.testng.testcase.testOneWebEvidence#test1addWebEvidenceData:72] 网页截图成功
2020-08-19 09:54:34.254 [main] INFO [com.testng.testcase.testOneWebEvidence#test1addWebEvidenceData:88] 断言成功
2020-08-19 09:54:34.255 [main] INFO [com.testng.testcase.testOneWebEvidence#test1addWebEvidenceData:89] 余额：可用积分：10,000.00
2020-08-19 09:54:34.255 [main] INFO [com.testng.testcase.testOneWebEvidence#test1addWebEvidenceData:90] 取证列表当前条数为：共 1 条
2020-08-19 09:54:41.742 [main] INFO [com.testng.testcase.testOneWebEvidence#test2addWebEvidenceDatas:118] 网页取证：正在截图中...
2020-08-19 09:54:42.743 [main] INFO [com.testng.testcase.testOneWebEvidence#test2addWebEvidenceDatas:118] 网页取证：正在截图中...
2020-08-19 09:54:43.743 [main] INFO [com.testng.testcase.testOneWebEvidence#test2addWebEvidenceDatas:118] 网页取证：正在截图中...
2020-08-19 09:54:44.743 [main] INFO [com.testng.testcase.testOneWebEvidence#test2addWebEvidenceDatas:118] 网页取证：正在截图中...
2020-08-19 09:54:45.744 [main] INFO [com.testng.testcase.testOneWebEvidence#test2addWebEvidenceDatas:118] 网页取证：正在截图中...
2020-08-19 09:54:46.744 [main] INFO [com.testng.testcase.testOneWebEvidence#test2addWebEvidenceDatas:118] 网页取证：正在截图中...
2020-08-19 09:54:47.745 [main] INFO [com.testng.testcase.testOneWebEvidence#test2addWebEvidenceDatas:118] 网页取证：正在截图中...
2020-08-19 09:54:48.745 [main] INFO [com.testng.testcase.testOneWebEvidence#test2addWebEvidenceDatas:118] 网页取证：正在截图中...
2020-08-19 09:54:49.747 [main] INFO [com.testng.testcase.testOneWebEvidence#test2addWebEvidenceDatas:118] 网页取证：正在截图中...
2020-08-19 09:54:50.748 [main] INFO [com.testng.testcase.testOneWebEvidence#test2addWebEvidenceDatas:118] 网页取证：正在截图中...
2020-08-19 09:54:51.749 [main] INFO [com.testng.testcase.testOneWebEvidence#test2addWebEvidenceDatas:118] 网页取证：正在截图中...
2020-08-19 09:54:52.750 [main] INFO [com.testng.testcase.testOneWebEvidence#test2addWebEvidenceDatas:118] 网页取证：正在截图中...
2020-08-19 09:54:53.750 [main] INFO [com.testng.testcase.testOneWebEvidence#test2addWebEvidenceDatas:118] 网页取证：正在截图中...
2020-08-19 09:54:54.750 [main] INFO [com.testng.testcase.testOneWebEvidence#test2addWebEvidenceDatas:118] 网页取证：正在截图中...
2020-08-19 09:54:55.751 [main] INFO [com.testng.testcase.testOneWebEvidence#test2addWebEvidenceDatas:118] 网页取证：正在截图中...
2020-08-19 09:54:56.751 [main] INFO [com.testng.testcase.testOneWebEvidence#test2addWebEvidenceDatas:118] 网页取证：正在截图中...
2020-08-19 09:54:57.752 [main] INFO [com.testng.testcase.testOneWebEvidence#test2addWebEvidenceDatas:118] 网页取证：正在截图中...
2020-08-19 09:54:58.752 [main] INFO [com.testng.testcase.testOneWebEvidence#test2addWebEvidenceDatas:118] 网页取证：正在截图中...
2020-08-19 09:54:59.752 [main] INFO [com.testng.testcase.testOneWebEvidence#test2addWebEvidenceDatas:118] 网页取证：正在截图中...
2020-08-19 09:55:00.753 [main] INFO [com.testng.testcase.testOneWebEvidence#test2addWebEvidenceDatas:118] 网页取证：正在截图中...
2020-08-19 09:55:00.753 [main] INFO [com.testng.testcase.testOneWebEvidence#test2addWebEvidenceDatas:121] 数据库截图状态校验中...
2020-08-19 09:55:00.773 [main] INFO [com.common.MySqlDbOperator#setConnection:38] 数据库登录成功
2020-08-19 09:55:00.775 [main] INFO [com.common.MySqlDbOperator#getSelectOnerDtas:73] 查询结果：WAIT
2020-08-19 09:55:00.775 [main] INFO [com.common.MySqlDbOperator#getSelectOnerDtas:73] 查询结果：WAIT
2020-08-19 09:55:00.776 [main] INFO [com.common.MySqlDbOperator#dbClose:44] 关闭数据库连接
2020-08-19 09:55:03.777 [main] INFO [com.testng.testcase.testOneWebEvidence#test2addWebEvidenceDatas:121] 数据库截图状态校验中...
2020-08-19 09:55:03.834 [main] INFO [com.common.MySqlDbOperator#setConnection:38] 数据库登录成功
2020-08-19 09:55:03.836 [main] INFO [com.common.MySqlDbOperator#getSelectOnerDtas:73] 查询结果：SUCCESS
2020-08-19 09:55:03.837 [main] INFO [com.common.MySqlDbOperator#getSelectOnerDtas:73] 查询结果：WAIT
2020-08-19 09:55:03.837 [main] INFO [com.common.MySqlDbOperator#dbClose:44] 关闭数据库连接
2020-08-19 09:55:06.838 [main] INFO [com.testng.testcase.testOneWebEvidence#test2addWebEvidenceDatas:121] 数据库截图状态校验中...
2020-08-19 09:55:06.862 [main] INFO [com.common.MySqlDbOperator#setConnection:38] 数据库登录成功
2020-08-19 09:55:06.864 [main] INFO [com.common.MySqlDbOperator#getSelectOnerDtas:73] 查询结果：SUCCESS
2020-08-19 09:55:06.865 [main] INFO [com.common.MySqlDbOperator#getSelectOnerDtas:73] 查询结果：SUCCESS
2020-08-19 09:55:06.866 [main] INFO [com.common.MySqlDbOperator#dbClose:44] 关闭数据库连接
2020-08-19 09:55:06.866 [main] INFO [com.testng.testcase.testOneWebEvidence#test2addWebEvidenceDatas:128] 网页截图成功
2020-08-19 09:55:15.824 [main] INFO [com.testng.testcase.testOneWebEvidence#test2addWebEvidenceDatas:145] 断言成功
2020-08-19 09:55:15.825 [main] INFO [com.testng.testcase.testOneWebEvidence#test2addWebEvidenceDatas:146] 余额：可用积分：9,995.00
2020-08-19 09:55:15.825 [main] INFO [com.testng.testcase.testOneWebEvidence#test2addWebEvidenceDatas:147] 取证列表当前条数为：共 3 条
2020-08-19 09:55:17.840 [main] INFO [com.testng.testcase.testOneWebEvidence#test3TimeSearchWebData:172] 断言成功
2020-08-19 09:55:17.840 [main] INFO [com.testng.testcase.testOneWebEvidence#test3TimeSearchWebData:173] 列表取证记录为：暂无数据
2020-08-19 09:55:25.171 [main] INFO [com.testng.testcase.testOneWebEvidence#test4TimeSearchWebData:198] 断言成功
2020-08-19 09:55:25.172 [main] INFO [com.testng.testcase.testOneWebEvidence#test4TimeSearchWebData:199] 列表取证记录为：共 3 条
2020-08-19 09:55:27.121 [main] INFO [com.testng.testcase.testOneWebEvidence#test5TimeSearchWebData:224] 断言成功
2020-08-19 09:55:27.121 [main] INFO [com.testng.testcase.testOneWebEvidence#test5TimeSearchWebData:225] 列表取证记录为：暂无数据
2020-08-19 09:55:39.102 [main] ERROR [com.testng.testcase.testOneWebEvidence#test6TimeSearchWebData:247] 元素定位失败：org.openqa.selenium.WebDriverException: java.net.SocketTimeoutException: Read timed out
Build info: version: '3.9.0', revision: '698b3178f0', time: '2018-02-05T14:26:55.441Z'
System info: host: 'DESKTOP-081URFE', ip: '192.168.162.1', os.name: 'Windows 10', os.arch: 'amd64', os.version: '10.0', java.version: '1.8.0_231'
Driver info: driver.version: RemoteWebDriver
2020-08-19 09:55:39.106 [main] ERROR [com.testng.testcase.testOneWebEvidence#test6TimeSearchWebData:254] 断言失败，开始截图
2020-08-19 09:55:39.662 [main] INFO [org.testng.annotations.Test#screenShot:24] 截图成功：E:\ObjectInformation\ZhiChanPingTai\UI\screenshotFail\20200819095539.jpg
2020-08-19 09:57:43.981 [main] INFO [org.testng.annotations.Test#loginTest1:23] 登录验证码：rfPb
2020-08-19 09:57:46.178 [main] INFO [org.testng.annotations.Test#loginTest1:33] 获取的user_number:数据存证
2020-08-19 09:57:46.182 [main] INFO [org.testng.annotations.Test#loginTest1:44] 数据存证用户登录成功
2020-08-19 09:57:46.183 [main] INFO [org.testng.annotations.Test#loginTest1:45] 登录测试用例通过
2020-08-19 10:01:28.353 [main] ERROR [com.testng.testcase.testOneWebEvidence#test6TimeSearchWebData:247] 元素定位失败：org.openqa.selenium.WebDriverException: java.net.SocketTimeoutException: timeout
Build info: version: '3.9.0', revision: '698b3178f0', time: '2018-02-05T14:26:55.441Z'
System info: host: 'DESKTOP-081URFE', ip: '192.168.162.1', os.name: 'Windows 10', os.arch: 'amd64', os.version: '10.0', java.version: '1.8.0_231'
Driver info: driver.version: RemoteWebDriver
2020-08-19 10:01:28.355 [main] ERROR [com.testng.testcase.testOneWebEvidence#test6TimeSearchWebData:254] 断言失败，开始截图
